<?xml version='1.0' encoding='UTF-8'?>
<testsuite hostname="DESKTOP-GNESREK" name="controllers.MainControllerSpec" tests="6" errors="0" failures="6" skipped="0" time="4.61" timestamp="2019-10-16T09:15:06">
                     <properties>
[...]
</properties>
                     <testcase classname="controllers.MainControllerSpec" name="HomeController GET should render the index page from a new instance of controller" time="2.844">
                                                 <failure message="org.scalatest.exceptions.TestFailedException: &quot;



&lt;!DOCTYPE html&gt;
&lt;html lang=&quot;en&quot;&gt;
    &lt;head&gt;
        
        &lt;title&gt;HTWG Chess&lt;/title&gt;
        &lt;link rel=&quot;stylesheet&quot; media=&quot;screen&quot; href=&quot;/assets/stylesheets/main.css&quot;&gt;
        &lt;link rel=&quot;shortcut icon&quot; type=&quot;image/png&quot; href=&quot;/assets/images/favicon.png&quot;&gt;

    &lt;/head&gt;
    &lt;body&gt;
        
        
    &lt;div class=&quot;gamecontainer&quot;&gt;
        &lt;div class=&quot;game&quot;&gt;
            
                &lt;div class=&quot;row&quot;&gt;
                    
                        &lt;span class=&quot;square0&quot;&gt;
                            ♜
                        &lt;/span&gt;
                    
                        &lt;span class=&quot;square1&quot;&gt;
                            ♞
                        &lt;/span&gt;
                    
                        &lt;span class=&quot;square2&quot;&gt;
                            ♝
                        &lt;/span&gt;
                    
                        &lt;span class=&quot;square3&quot;&gt;
                            ♚
                        &lt;/span&gt;
                    
                        &lt;span class=&quot;square4&quot;&gt;
                            ♛
                        &lt;/span&gt;
                    
                        &lt;span class=&quot;square5&quot;&gt;
                            ♝
                        &lt;/span&gt;
                    
                        &lt;span class=&quot;square6&quot;&gt;
                            ♞
                        &lt;/span&gt;
                    
                        &lt;span class=&quot;square7&quot;&gt;
                            ♜
                        &lt;/span&gt;
                    
                &lt;/div&gt;
            &lt;div class=&quot;clear&quot;&gt;&lt;/div&gt;
            
                &lt;div class=&quot;row&quot;&gt;
                    
                        &lt;span class=&quot;square0&quot;&gt;
                            ♟
                        &lt;/span&gt;
                    
                        &lt;span class=&quot;square1&quot;&gt;
                            ♟
                        &lt;/span&gt;
                    
                        &lt;span class=&quot;square2&quot;&gt;
                            ♟
                        &lt;/span&gt;
                    
                        &lt;span class=&quot;square3&quot;&gt;
                            ♟
                        &lt;/span&gt;
                    
                        &lt;span class=&quot;square4&quot;&gt;
                            ♟
                        &lt;/span&gt;
                    
                        &lt;span class=&quot;square5&quot;&gt;
                            ♟
                        &lt;/span&gt;
                    
                        &lt;span class=&quot;square6&quot;&gt;
                            ♟
                        &lt;/span&gt;
                    
                        &lt;span class=&quot;square7&quot;&gt;
                            ♟
                        &lt;/span&gt;
                    
                &lt;/div&gt;
            &lt;div class=&quot;clear&quot;&gt;&lt;/div&gt;
            
                &lt;div class=&quot;row&quot;&gt;
                    
                        &lt;span class=&quot;square0&quot;&gt;
                            ▯
                        &lt;/span&gt;
                    
                        &lt;span class=&quot;square1&quot;&gt;
                            ▮
                        &lt;/span&gt;
                    
                        &lt;span class=&quot;square2&quot;&gt;
                            ▯
                        &lt;/span&gt;
                    
                        &lt;span class=&quot;square3&quot;&gt;
                            ▮
                        &lt;/span&gt;
                    
                        &lt;span class=&quot;square4&quot;&gt;
                            ▯
                        &lt;/span&gt;
                    
                        &lt;span class=&quot;square5&quot;&gt;
                            ▮
                        &lt;/span&gt;
                    
                        &lt;span class=&quot;square6&quot;&gt;
                            ▯
                        &lt;/span&gt;
                    
                        &lt;span class=&quot;square7&quot;&gt;
                            ▮
                        &lt;/span&gt;
                    
                &lt;/div&gt;
            &lt;div class=&quot;clear&quot;&gt;&lt;/div&gt;
            
                &lt;div class=&quot;row&quot;&gt;
                    
                        &lt;span class=&quot;square0&quot;&gt;
                            ▮
                        &lt;/span&gt;
                    
                        &lt;span class=&quot;square1&quot;&gt;
                            ▯
                        &lt;/span&gt;
                    
                        &lt;span class=&quot;square2&quot;&gt;
                            ▮
                        &lt;/span&gt;
                    
                        &lt;span class=&quot;square3&quot;&gt;
                            ▯
                        &lt;/span&gt;
                    
                        &lt;span class=&quot;square4&quot;&gt;
                            ▮
                        &lt;/span&gt;
                    
                        &lt;span class=&quot;square5&quot;&gt;
                            ▯
                        &lt;/span&gt;
                    
                        &lt;span class=&quot;square6&quot;&gt;
                            ▮
                        &lt;/span&gt;
                    
                        &lt;span class=&quot;square7&quot;&gt;
                            ▯
                        &lt;/span&gt;
                    
                &lt;/div&gt;
            &lt;div class=&quot;clear&quot;&gt;&lt;/div&gt;
            
                &lt;div class=&quot;row&quot;&gt;
                    
                        &lt;span class=&quot;square0&quot;&gt;
                            ▯
                        &lt;/span&gt;
                    
                        &lt;span class=&quot;square1&quot;&gt;
                            ▮
                        &lt;/span&gt;
                    
                        &lt;span class=&quot;square2&quot;&gt;
                            ▯
                        &lt;/span&gt;
                    
                        &lt;span class=&quot;square3&quot;&gt;
                            ▮
                        &lt;/span&gt;
                    
                        &lt;span class=&quot;square4&quot;&gt;
                            ▯
                        &lt;/span&gt;
                    
                        &lt;span class=&quot;square5&quot;&gt;
                            ▮
                        &lt;/span&gt;
                    
                        &lt;span class=&quot;square6&quot;&gt;
                            ▯
                        &lt;/span&gt;
                    
                        &lt;span class=&quot;square7&quot;&gt;
                            ▮
                        &lt;/span&gt;
                    
                &lt;/div&gt;
            &lt;div class=&quot;clear&quot;&gt;&lt;/div&gt;
            
                &lt;div class=&quot;row&quot;&gt;
                    
                        &lt;span class=&quot;square0&quot;&gt;
                            ▮
                        &lt;/span&gt;
                    
                        &lt;span class=&quot;square1&quot;&gt;
                            ▯
                        &lt;/span&gt;
                    
                        &lt;span class=&quot;square2&quot;&gt;
                            ▮
                        &lt;/span&gt;
                    
                        &lt;span class=&quot;square3&quot;&gt;
                            ▯
                        &lt;/span&gt;
                    
                        &lt;span class=&quot;square4&quot;&gt;
                            ▮
                        &lt;/span&gt;
                    
                        &lt;span class=&quot;square5&quot;&gt;
                            ▯
                        &lt;/span&gt;
                    
                        &lt;span class=&quot;square6&quot;&gt;
                            ▮
                        &lt;/span&gt;
                    
                        &lt;span class=&quot;square7&quot;&gt;
                            ▯
                        &lt;/span&gt;
                    
                &lt;/div&gt;
            &lt;div class=&quot;clear&quot;&gt;&lt;/div&gt;
            
                &lt;div class=&quot;row&quot;&gt;
                    
                        &lt;span class=&quot;square0&quot;&gt;
                            ♙
                        &lt;/span&gt;
                    
                        &lt;span class=&quot;square1&quot;&gt;
                            ♙
                        &lt;/span&gt;
                    
                        &lt;span class=&quot;square2&quot;&gt;
                            ♙
                        &lt;/span&gt;
                    
                        &lt;span class=&quot;square3&quot;&gt;
                            ♙
                        &lt;/span&gt;
                    
                        &lt;span class=&quot;square4&quot;&gt;
                            ♙
                        &lt;/span&gt;
                    
                        &lt;span class=&quot;square5&quot;&gt;
                            ♙
                        &lt;/span&gt;
                    
                        &lt;span class=&quot;square6&quot;&gt;
                            ♙
                        &lt;/span&gt;
                    
                        &lt;span class=&quot;square7&quot;&gt;
                            ♙
                        &lt;/span&gt;
                    
                &lt;/div&gt;
            &lt;div class=&quot;clear&quot;&gt;&lt;/div&gt;
            
                &lt;div class=&quot;row&quot;&gt;
                    
                        &lt;span class=&quot;square0&quot;&gt;
                            ♖
                        &lt;/span&gt;
                    
                        &lt;span class=&quot;square1&quot;&gt;
                            ♘
                        &lt;/span&gt;
                    
                        &lt;span class=&quot;square2&quot;&gt;
                            ♗
                        &lt;/span&gt;
                    
                        &lt;span class=&quot;square3&quot;&gt;
                            ♕
                        &lt;/span&gt;
                    
                        &lt;span class=&quot;square4&quot;&gt;
                            ♔
                        &lt;/span&gt;
                    
                        &lt;span class=&quot;square5&quot;&gt;
                            ♗
                        &lt;/span&gt;
                    
                        &lt;span class=&quot;square6&quot;&gt;
                            ♘
                        &lt;/span&gt;
                    
                        &lt;span class=&quot;square7&quot;&gt;
                            ♖
                        &lt;/span&gt;
                    
                &lt;/div&gt;
            &lt;div class=&quot;clear&quot;&gt;&lt;/div&gt;
            
        &lt;/div&gt;
    &lt;/div&gt;


      &lt;script src=&quot;/assets/javascripts/main.js&quot; type=&quot;text/javascript&quot;&gt;&lt;/script&gt;
    &lt;/body&gt;
&lt;/html&gt;
&quot; did not include substring &quot;----------------&quot;" type="sbt.ForkMain$ForkError">sbt.ForkMain$ForkError: org.scalatest.exceptions.TestFailedException: &quot;



&lt;!DOCTYPE html&gt;
&lt;html lang=&quot;en&quot;&gt;
    &lt;head&gt;
        
        &lt;title&gt;HTWG Chess&lt;/title&gt;
        &lt;link rel=&quot;stylesheet&quot; media=&quot;screen&quot; href=&quot;/assets/stylesheets/main.css&quot;&gt;
        &lt;link rel=&quot;shortcut icon&quot; type=&quot;image/png&quot; href=&quot;/assets/images/favicon.png&quot;&gt;

    &lt;/head&gt;
    &lt;body&gt;
        
        
    &lt;div class=&quot;gamecontainer&quot;&gt;
        &lt;div class=&quot;game&quot;&gt;
            
                &lt;div class=&quot;row&quot;&gt;
                    
                        &lt;span class=&quot;square0&quot;&gt;
                            ♜
                        &lt;/span&gt;
                    
                        &lt;span class=&quot;square1&quot;&gt;
                            ♞
                        &lt;/span&gt;
                    
                        &lt;span class=&quot;square2&quot;&gt;
                            ♝
                        &lt;/span&gt;
                    
                        &lt;span class=&quot;square3&quot;&gt;
                            ♚
                        &lt;/span&gt;
                    
                        &lt;span class=&quot;square4&quot;&gt;
                            ♛
                        &lt;/span&gt;
                    
                        &lt;span class=&quot;square5&quot;&gt;
                            ♝
                        &lt;/span&gt;
                    
                        &lt;span class=&quot;square6&quot;&gt;
                            ♞
                        &lt;/span&gt;
                    
                        &lt;span class=&quot;square7&quot;&gt;
                            ♜
                        &lt;/span&gt;
                    
                &lt;/div&gt;
            &lt;div class=&quot;clear&quot;&gt;&lt;/div&gt;
            
                &lt;div class=&quot;row&quot;&gt;
                    
                        &lt;span class=&quot;square0&quot;&gt;
                            ♟
                        &lt;/span&gt;
                    
                        &lt;span class=&quot;square1&quot;&gt;
                            ♟
                        &lt;/span&gt;
                    
                        &lt;span class=&quot;square2&quot;&gt;
                            ♟
                        &lt;/span&gt;
                    
                        &lt;span class=&quot;square3&quot;&gt;
                            ♟
                        &lt;/span&gt;
                    
                        &lt;span class=&quot;square4&quot;&gt;
                            ♟
                        &lt;/span&gt;
                    
                        &lt;span class=&quot;square5&quot;&gt;
                            ♟
                        &lt;/span&gt;
                    
                        &lt;span class=&quot;square6&quot;&gt;
                            ♟
                        &lt;/span&gt;
                    
                        &lt;span class=&quot;square7&quot;&gt;
                            ♟
                        &lt;/span&gt;
                    
                &lt;/div&gt;
            &lt;div class=&quot;clear&quot;&gt;&lt;/div&gt;
            
                &lt;div class=&quot;row&quot;&gt;
                    
                        &lt;span class=&quot;square0&quot;&gt;
                            ▯
                        &lt;/span&gt;
                    
                        &lt;span class=&quot;square1&quot;&gt;
                            ▮
                        &lt;/span&gt;
                    
                        &lt;span class=&quot;square2&quot;&gt;
                            ▯
                        &lt;/span&gt;
                    
                        &lt;span class=&quot;square3&quot;&gt;
                            ▮
                        &lt;/span&gt;
                    
                        &lt;span class=&quot;square4&quot;&gt;
                            ▯
                        &lt;/span&gt;
                    
                        &lt;span class=&quot;square5&quot;&gt;
                            ▮
                        &lt;/span&gt;
                    
                        &lt;span class=&quot;square6&quot;&gt;
                            ▯
                        &lt;/span&gt;
                    
                        &lt;span class=&quot;square7&quot;&gt;
                            ▮
                        &lt;/span&gt;
                    
                &lt;/div&gt;
            &lt;div class=&quot;clear&quot;&gt;&lt;/div&gt;
            
                &lt;div class=&quot;row&quot;&gt;
                    
                        &lt;span class=&quot;square0&quot;&gt;
                            ▮
                        &lt;/span&gt;
                    
                        &lt;span class=&quot;square1&quot;&gt;
                            ▯
                        &lt;/span&gt;
                    
                        &lt;span class=&quot;square2&quot;&gt;
                            ▮
                        &lt;/span&gt;
                    
                        &lt;span class=&quot;square3&quot;&gt;
                            ▯
                        &lt;/span&gt;
                    
                        &lt;span class=&quot;square4&quot;&gt;
                            ▮
                        &lt;/span&gt;
                    
                        &lt;span class=&quot;square5&quot;&gt;
                            ▯
                        &lt;/span&gt;
                    
                        &lt;span class=&quot;square6&quot;&gt;
                            ▮
                        &lt;/span&gt;
                    
                        &lt;span class=&quot;square7&quot;&gt;
                            ▯
                        &lt;/span&gt;
                    
                &lt;/div&gt;
            &lt;div class=&quot;clear&quot;&gt;&lt;/div&gt;
            
                &lt;div class=&quot;row&quot;&gt;
                    
                        &lt;span class=&quot;square0&quot;&gt;
                            ▯
                        &lt;/span&gt;
                    
                        &lt;span class=&quot;square1&quot;&gt;
                            ▮
                        &lt;/span&gt;
                    
                        &lt;span class=&quot;square2&quot;&gt;
                            ▯
                        &lt;/span&gt;
                    
                        &lt;span class=&quot;square3&quot;&gt;
                            ▮
                        &lt;/span&gt;
                    
                        &lt;span class=&quot;square4&quot;&gt;
                            ▯
                        &lt;/span&gt;
                    
                        &lt;span class=&quot;square5&quot;&gt;
                            ▮
                        &lt;/span&gt;
                    
                        &lt;span class=&quot;square6&quot;&gt;
                            ▯
                        &lt;/span&gt;
                    
                        &lt;span class=&quot;square7&quot;&gt;
                            ▮
                        &lt;/span&gt;
                    
                &lt;/div&gt;
            &lt;div class=&quot;clear&quot;&gt;&lt;/div&gt;
            
                &lt;div class=&quot;row&quot;&gt;
                    
                        &lt;span class=&quot;square0&quot;&gt;
                            ▮
                        &lt;/span&gt;
                    
                        &lt;span class=&quot;square1&quot;&gt;
                            ▯
                        &lt;/span&gt;
                    
                        &lt;span class=&quot;square2&quot;&gt;
                            ▮
                        &lt;/span&gt;
                    
                        &lt;span class=&quot;square3&quot;&gt;
                            ▯
                        &lt;/span&gt;
                    
                        &lt;span class=&quot;square4&quot;&gt;
                            ▮
                        &lt;/span&gt;
                    
                        &lt;span class=&quot;square5&quot;&gt;
                            ▯
                        &lt;/span&gt;
                    
                        &lt;span class=&quot;square6&quot;&gt;
                            ▮
                        &lt;/span&gt;
                    
                        &lt;span class=&quot;square7&quot;&gt;
                            ▯
                        &lt;/span&gt;
                    
                &lt;/div&gt;
            &lt;div class=&quot;clear&quot;&gt;&lt;/div&gt;
            
                &lt;div class=&quot;row&quot;&gt;
                    
                        &lt;span class=&quot;square0&quot;&gt;
                            ♙
                        &lt;/span&gt;
                    
                        &lt;span class=&quot;square1&quot;&gt;
                            ♙
                        &lt;/span&gt;
                    
                        &lt;span class=&quot;square2&quot;&gt;
                            ♙
                        &lt;/span&gt;
                    
                        &lt;span class=&quot;square3&quot;&gt;
                            ♙
                        &lt;/span&gt;
                    
                        &lt;span class=&quot;square4&quot;&gt;
                            ♙
                        &lt;/span&gt;
                    
                        &lt;span class=&quot;square5&quot;&gt;
                            ♙
                        &lt;/span&gt;
                    
                        &lt;span class=&quot;square6&quot;&gt;
                            ♙
                        &lt;/span&gt;
                    
                        &lt;span class=&quot;square7&quot;&gt;
                            ♙
                        &lt;/span&gt;
                    
                &lt;/div&gt;
            &lt;div class=&quot;clear&quot;&gt;&lt;/div&gt;
            
                &lt;div class=&quot;row&quot;&gt;
                    
                        &lt;span class=&quot;square0&quot;&gt;
                            ♖
                        &lt;/span&gt;
                    
                        &lt;span class=&quot;square1&quot;&gt;
                            ♘
                        &lt;/span&gt;
                    
                        &lt;span class=&quot;square2&quot;&gt;
                            ♗
                        &lt;/span&gt;
                    
                        &lt;span class=&quot;square3&quot;&gt;
                            ♕
                        &lt;/span&gt;
                    
                        &lt;span class=&quot;square4&quot;&gt;
                            ♔
                        &lt;/span&gt;
                    
                        &lt;span class=&quot;square5&quot;&gt;
                            ♗
                        &lt;/span&gt;
                    
                        &lt;span class=&quot;square6&quot;&gt;
                            ♘
                        &lt;/span&gt;
                    
                        &lt;span class=&quot;square7&quot;&gt;
                            ♖
                        &lt;/span&gt;
                    
                &lt;/div&gt;
            &lt;div class=&quot;clear&quot;&gt;&lt;/div&gt;
            
        &lt;/div&gt;
    &lt;/div&gt;


      &lt;script src=&quot;/assets/javascripts/main.js&quot; type=&quot;text/javascript&quot;&gt;&lt;/script&gt;
    &lt;/body&gt;
&lt;/html&gt;
&quot; did not include substring &quot;----------------&quot;
	at org.scalatest.MatchersHelper$.indicateFailure(MatchersHelper.scala:343)
	at org.scalatest.MustMatchers$MustMethodHelper$.mustMatcher(MustMatchers.scala:6723)
	at org.scalatest.MustMatchers$AnyMustWrapper.must(MustMatchers.scala:6759)
	at controllers.MainControllerSpec.$anonfun$new$2(MainControllerSpec.scala:18)
	at org.scalatest.OutcomeOf.outcomeOf(OutcomeOf.scala:85)
	at org.scalatest.OutcomeOf.outcomeOf$(OutcomeOf.scala:83)
	at org.scalatest.OutcomeOf$.outcomeOf(OutcomeOf.scala:104)
	at org.scalatest.Transformer.apply(Transformer.scala:22)
	at org.scalatest.Transformer.apply(Transformer.scala:20)
	at org.scalatest.WordSpecLike$$anon$3.apply(WordSpecLike.scala:1075)
	at org.scalatest.TestSuite.withFixture(TestSuite.scala:196)
	at org.scalatest.TestSuite.withFixture$(TestSuite.scala:195)
	at controllers.MainControllerSpec.org$scalatestplus$play$BaseOneAppPerTest$$super$withFixture(MainControllerSpec.scala:8)
	at org.scalatestplus.play.BaseOneAppPerTest.$anonfun$withFixture$1(BaseOneAppPerTest.scala:72)
	at play.api.test.PlayRunners.$anonfun$running$2(Helpers.scala:85)
	at play.api.test.PlayRunners.runSynchronized(Helpers.scala:60)
	at play.api.test.PlayRunners.runSynchronized$(Helpers.scala:54)
	at play.api.test.Helpers$.runSynchronized(Helpers.scala:676)
	at play.api.test.PlayRunners.running(Helpers.scala:83)
	at play.api.test.PlayRunners.running$(Helpers.scala:81)
	at play.api.test.Helpers$.running(Helpers.scala:676)
	at org.scalatestplus.play.BaseOneAppPerTest.withFixture(BaseOneAppPerTest.scala:72)
	at org.scalatestplus.play.BaseOneAppPerTest.withFixture$(BaseOneAppPerTest.scala:69)
	at controllers.MainControllerSpec.withFixture(MainControllerSpec.scala:8)
	at org.scalatest.WordSpecLike.invokeWithFixture$1(WordSpecLike.scala:1073)
	at org.scalatest.WordSpecLike.$anonfun$runTest$1(WordSpecLike.scala:1085)
	at org.scalatest.SuperEngine.runTestImpl(Engine.scala:286)
	at org.scalatest.WordSpecLike.runTest(WordSpecLike.scala:1085)
	at org.scalatest.WordSpecLike.runTest$(WordSpecLike.scala:1067)
	at org.scalatest.WordSpec.runTest(WordSpec.scala:1881)
	at org.scalatest.WordSpecLike.$anonfun$runTests$1(WordSpecLike.scala:1144)
	at org.scalatest.SuperEngine.$anonfun$runTestsInBranch$1(Engine.scala:393)
	at scala.collection.immutable.List.foreach(List.scala:392)
	at org.scalatest.SuperEngine.traverseSubNodes$1(Engine.scala:381)
	at org.scalatest.SuperEngine.runTestsInBranch(Engine.scala:370)
	at org.scalatest.SuperEngine.$anonfun$runTestsInBranch$1(Engine.scala:407)
	at scala.collection.immutable.List.foreach(List.scala:392)
	at org.scalatest.SuperEngine.traverseSubNodes$1(Engine.scala:381)
	at org.scalatest.SuperEngine.runTestsInBranch(Engine.scala:376)
	at org.scalatest.SuperEngine.runTestsImpl(Engine.scala:458)
	at org.scalatest.WordSpecLike.runTests(WordSpecLike.scala:1144)
	at org.scalatest.WordSpecLike.runTests$(WordSpecLike.scala:1143)
	at org.scalatest.WordSpec.runTests(WordSpec.scala:1881)
	at org.scalatest.Suite.run(Suite.scala:1124)
	at org.scalatest.Suite.run$(Suite.scala:1106)
	at org.scalatest.WordSpec.org$scalatest$WordSpecLike$$super$run(WordSpec.scala:1881)
	at org.scalatest.WordSpecLike.$anonfun$run$1(WordSpecLike.scala:1189)
	at org.scalatest.SuperEngine.runImpl(Engine.scala:518)
	at org.scalatest.WordSpecLike.run(WordSpecLike.scala:1189)
	at org.scalatest.WordSpecLike.run$(WordSpecLike.scala:1187)
	at org.scalatest.WordSpec.run(WordSpec.scala:1881)
	at org.scalatest.tools.Framework.org$scalatest$tools$Framework$$runSuite(Framework.scala:317)
	at org.scalatest.tools.Framework$ScalaTestTask.execute(Framework.scala:510)
	at sbt.ForkMain$Run.lambda$runTest$1(ForkMain.java:304)
	at java.util.concurrent.FutureTask.run(FutureTask.java:266)
	at java.util.concurrent.ThreadPoolExecutor.runWorker(ThreadPoolExecutor.java:1142)
	at java.util.concurrent.ThreadPoolExecutor$Worker.run(ThreadPoolExecutor.java:617)
	at java.lang.Thread.run(Thread.java:745)
</failure>
                                               </testcase><testcase classname="controllers.MainControllerSpec" name="HomeController GET should render the chess page from a new instance of controller" time="0.36">
                                                 <failure message="org.scalatest.exceptions.TestFailedException: &quot;



&lt;!DOCTYPE html&gt;
&lt;html lang=&quot;en&quot;&gt;
    &lt;head&gt;
        
        &lt;title&gt;HTWG Chess&lt;/title&gt;
        &lt;link rel=&quot;stylesheet&quot; media=&quot;screen&quot; href=&quot;/assets/stylesheets/main.css&quot;&gt;
        &lt;link rel=&quot;shortcut icon&quot; type=&quot;image/png&quot; href=&quot;/assets/images/favicon.png&quot;&gt;

    &lt;/head&gt;
    &lt;body&gt;
        
        
    &lt;div class=&quot;gamecontainer&quot;&gt;
        &lt;div class=&quot;game&quot;&gt;
            
                &lt;div class=&quot;row&quot;&gt;
                    
                        &lt;span class=&quot;square0&quot;&gt;
                            ♜
                        &lt;/span&gt;
                    
                        &lt;span class=&quot;square1&quot;&gt;
                            ♞
                        &lt;/span&gt;
                    
                        &lt;span class=&quot;square2&quot;&gt;
                            ♝
                        &lt;/span&gt;
                    
                        &lt;span class=&quot;square3&quot;&gt;
                            ♚
                        &lt;/span&gt;
                    
                        &lt;span class=&quot;square4&quot;&gt;
                            ♛
                        &lt;/span&gt;
                    
                        &lt;span class=&quot;square5&quot;&gt;
                            ♝
                        &lt;/span&gt;
                    
                        &lt;span class=&quot;square6&quot;&gt;
                            ♞
                        &lt;/span&gt;
                    
                        &lt;span class=&quot;square7&quot;&gt;
                            ♜
                        &lt;/span&gt;
                    
                &lt;/div&gt;
            &lt;div class=&quot;clear&quot;&gt;&lt;/div&gt;
            
                &lt;div class=&quot;row&quot;&gt;
                    
                        &lt;span class=&quot;square0&quot;&gt;
                            ♟
                        &lt;/span&gt;
                    
                        &lt;span class=&quot;square1&quot;&gt;
                            ♟
                        &lt;/span&gt;
                    
                        &lt;span class=&quot;square2&quot;&gt;
                            ♟
                        &lt;/span&gt;
                    
                        &lt;span class=&quot;square3&quot;&gt;
                            ♟
                        &lt;/span&gt;
                    
                        &lt;span class=&quot;square4&quot;&gt;
                            ♟
                        &lt;/span&gt;
                    
                        &lt;span class=&quot;square5&quot;&gt;
                            ♟
                        &lt;/span&gt;
                    
                        &lt;span class=&quot;square6&quot;&gt;
                            ♟
                        &lt;/span&gt;
                    
                        &lt;span class=&quot;square7&quot;&gt;
                            ♟
                        &lt;/span&gt;
                    
                &lt;/div&gt;
            &lt;div class=&quot;clear&quot;&gt;&lt;/div&gt;
            
                &lt;div class=&quot;row&quot;&gt;
                    
                        &lt;span class=&quot;square0&quot;&gt;
                            ▯
                        &lt;/span&gt;
                    
                        &lt;span class=&quot;square1&quot;&gt;
                            ▮
                        &lt;/span&gt;
                    
                        &lt;span class=&quot;square2&quot;&gt;
                            ▯
                        &lt;/span&gt;
                    
                        &lt;span class=&quot;square3&quot;&gt;
                            ▮
                        &lt;/span&gt;
                    
                        &lt;span class=&quot;square4&quot;&gt;
                            ▯
                        &lt;/span&gt;
                    
                        &lt;span class=&quot;square5&quot;&gt;
                            ▮
                        &lt;/span&gt;
                    
                        &lt;span class=&quot;square6&quot;&gt;
                            ▯
                        &lt;/span&gt;
                    
                        &lt;span class=&quot;square7&quot;&gt;
                            ▮
                        &lt;/span&gt;
                    
                &lt;/div&gt;
            &lt;div class=&quot;clear&quot;&gt;&lt;/div&gt;
            
                &lt;div class=&quot;row&quot;&gt;
                    
                        &lt;span class=&quot;square0&quot;&gt;
                            ▮
                        &lt;/span&gt;
                    
                        &lt;span class=&quot;square1&quot;&gt;
                            ▯
                        &lt;/span&gt;
                    
                        &lt;span class=&quot;square2&quot;&gt;
                            ▮
                        &lt;/span&gt;
                    
                        &lt;span class=&quot;square3&quot;&gt;
                            ▯
                        &lt;/span&gt;
                    
                        &lt;span class=&quot;square4&quot;&gt;
                            ▮
                        &lt;/span&gt;
                    
                        &lt;span class=&quot;square5&quot;&gt;
                            ▯
                        &lt;/span&gt;
                    
                        &lt;span class=&quot;square6&quot;&gt;
                            ▮
                        &lt;/span&gt;
                    
                        &lt;span class=&quot;square7&quot;&gt;
                            ▯
                        &lt;/span&gt;
                    
                &lt;/div&gt;
            &lt;div class=&quot;clear&quot;&gt;&lt;/div&gt;
            
                &lt;div class=&quot;row&quot;&gt;
                    
                        &lt;span class=&quot;square0&quot;&gt;
                            ▯
                        &lt;/span&gt;
                    
                        &lt;span class=&quot;square1&quot;&gt;
                            ▮
                        &lt;/span&gt;
                    
                        &lt;span class=&quot;square2&quot;&gt;
                            ▯
                        &lt;/span&gt;
                    
                        &lt;span class=&quot;square3&quot;&gt;
                            ▮
                        &lt;/span&gt;
                    
                        &lt;span class=&quot;square4&quot;&gt;
                            ▯
                        &lt;/span&gt;
                    
                        &lt;span class=&quot;square5&quot;&gt;
                            ▮
                        &lt;/span&gt;
                    
                        &lt;span class=&quot;square6&quot;&gt;
                            ▯
                        &lt;/span&gt;
                    
                        &lt;span class=&quot;square7&quot;&gt;
                            ▮
                        &lt;/span&gt;
                    
                &lt;/div&gt;
            &lt;div class=&quot;clear&quot;&gt;&lt;/div&gt;
            
                &lt;div class=&quot;row&quot;&gt;
                    
                        &lt;span class=&quot;square0&quot;&gt;
                            ▮
                        &lt;/span&gt;
                    
                        &lt;span class=&quot;square1&quot;&gt;
                            ▯
                        &lt;/span&gt;
                    
                        &lt;span class=&quot;square2&quot;&gt;
                            ▮
                        &lt;/span&gt;
                    
                        &lt;span class=&quot;square3&quot;&gt;
                            ▯
                        &lt;/span&gt;
                    
                        &lt;span class=&quot;square4&quot;&gt;
                            ▮
                        &lt;/span&gt;
                    
                        &lt;span class=&quot;square5&quot;&gt;
                            ▯
                        &lt;/span&gt;
                    
                        &lt;span class=&quot;square6&quot;&gt;
                            ▮
                        &lt;/span&gt;
                    
                        &lt;span class=&quot;square7&quot;&gt;
                            ▯
                        &lt;/span&gt;
                    
                &lt;/div&gt;
            &lt;div class=&quot;clear&quot;&gt;&lt;/div&gt;
            
                &lt;div class=&quot;row&quot;&gt;
                    
                        &lt;span class=&quot;square0&quot;&gt;
                            ♙
                        &lt;/span&gt;
                    
                        &lt;span class=&quot;square1&quot;&gt;
                            ♙
                        &lt;/span&gt;
                    
                        &lt;span class=&quot;square2&quot;&gt;
                            ♙
                        &lt;/span&gt;
                    
                        &lt;span class=&quot;square3&quot;&gt;
                            ♙
                        &lt;/span&gt;
                    
                        &lt;span class=&quot;square4&quot;&gt;
                            ♙
                        &lt;/span&gt;
                    
                        &lt;span class=&quot;square5&quot;&gt;
                            ♙
                        &lt;/span&gt;
                    
                        &lt;span class=&quot;square6&quot;&gt;
                            ♙
                        &lt;/span&gt;
                    
                        &lt;span class=&quot;square7&quot;&gt;
                            ♙
                        &lt;/span&gt;
                    
                &lt;/div&gt;
            &lt;div class=&quot;clear&quot;&gt;&lt;/div&gt;
            
                &lt;div class=&quot;row&quot;&gt;
                    
                        &lt;span class=&quot;square0&quot;&gt;
                            ♖
                        &lt;/span&gt;
                    
                        &lt;span class=&quot;square1&quot;&gt;
                            ♘
                        &lt;/span&gt;
                    
                        &lt;span class=&quot;square2&quot;&gt;
                            ♗
                        &lt;/span&gt;
                    
                        &lt;span class=&quot;square3&quot;&gt;
                            ♕
                        &lt;/span&gt;
                    
                        &lt;span class=&quot;square4&quot;&gt;
                            ♔
                        &lt;/span&gt;
                    
                        &lt;span class=&quot;square5&quot;&gt;
                            ♗
                        &lt;/span&gt;
                    
                        &lt;span class=&quot;square6&quot;&gt;
                            ♘
                        &lt;/span&gt;
                    
                        &lt;span class=&quot;square7&quot;&gt;
                            ♖
                        &lt;/span&gt;
                    
                &lt;/div&gt;
            &lt;div class=&quot;clear&quot;&gt;&lt;/div&gt;
            
        &lt;/div&gt;
    &lt;/div&gt;


      &lt;script src=&quot;/assets/javascripts/main.js&quot; type=&quot;text/javascript&quot;&gt;&lt;/script&gt;
    &lt;/body&gt;
&lt;/html&gt;
&quot; did not include substring &quot;----------------&quot;" type="sbt.ForkMain$ForkError">sbt.ForkMain$ForkError: org.scalatest.exceptions.TestFailedException: &quot;



&lt;!DOCTYPE html&gt;
&lt;html lang=&quot;en&quot;&gt;
    &lt;head&gt;
        
        &lt;title&gt;HTWG Chess&lt;/title&gt;
        &lt;link rel=&quot;stylesheet&quot; media=&quot;screen&quot; href=&quot;/assets/stylesheets/main.css&quot;&gt;
        &lt;link rel=&quot;shortcut icon&quot; type=&quot;image/png&quot; href=&quot;/assets/images/favicon.png&quot;&gt;

    &lt;/head&gt;
    &lt;body&gt;
        
        
    &lt;div class=&quot;gamecontainer&quot;&gt;
        &lt;div class=&quot;game&quot;&gt;
            
                &lt;div class=&quot;row&quot;&gt;
                    
                        &lt;span class=&quot;square0&quot;&gt;
                            ♜
                        &lt;/span&gt;
                    
                        &lt;span class=&quot;square1&quot;&gt;
                            ♞
                        &lt;/span&gt;
                    
                        &lt;span class=&quot;square2&quot;&gt;
                            ♝
                        &lt;/span&gt;
                    
                        &lt;span class=&quot;square3&quot;&gt;
                            ♚
                        &lt;/span&gt;
                    
                        &lt;span class=&quot;square4&quot;&gt;
                            ♛
                        &lt;/span&gt;
                    
                        &lt;span class=&quot;square5&quot;&gt;
                            ♝
                        &lt;/span&gt;
                    
                        &lt;span class=&quot;square6&quot;&gt;
                            ♞
                        &lt;/span&gt;
                    
                        &lt;span class=&quot;square7&quot;&gt;
                            ♜
                        &lt;/span&gt;
                    
                &lt;/div&gt;
            &lt;div class=&quot;clear&quot;&gt;&lt;/div&gt;
            
                &lt;div class=&quot;row&quot;&gt;
                    
                        &lt;span class=&quot;square0&quot;&gt;
                            ♟
                        &lt;/span&gt;
                    
                        &lt;span class=&quot;square1&quot;&gt;
                            ♟
                        &lt;/span&gt;
                    
                        &lt;span class=&quot;square2&quot;&gt;
                            ♟
                        &lt;/span&gt;
                    
                        &lt;span class=&quot;square3&quot;&gt;
                            ♟
                        &lt;/span&gt;
                    
                        &lt;span class=&quot;square4&quot;&gt;
                            ♟
                        &lt;/span&gt;
                    
                        &lt;span class=&quot;square5&quot;&gt;
                            ♟
                        &lt;/span&gt;
                    
                        &lt;span class=&quot;square6&quot;&gt;
                            ♟
                        &lt;/span&gt;
                    
                        &lt;span class=&quot;square7&quot;&gt;
                            ♟
                        &lt;/span&gt;
                    
                &lt;/div&gt;
            &lt;div class=&quot;clear&quot;&gt;&lt;/div&gt;
            
                &lt;div class=&quot;row&quot;&gt;
                    
                        &lt;span class=&quot;square0&quot;&gt;
                            ▯
                        &lt;/span&gt;
                    
                        &lt;span class=&quot;square1&quot;&gt;
                            ▮
                        &lt;/span&gt;
                    
                        &lt;span class=&quot;square2&quot;&gt;
                            ▯
                        &lt;/span&gt;
                    
                        &lt;span class=&quot;square3&quot;&gt;
                            ▮
                        &lt;/span&gt;
                    
                        &lt;span class=&quot;square4&quot;&gt;
                            ▯
                        &lt;/span&gt;
                    
                        &lt;span class=&quot;square5&quot;&gt;
                            ▮
                        &lt;/span&gt;
                    
                        &lt;span class=&quot;square6&quot;&gt;
                            ▯
                        &lt;/span&gt;
                    
                        &lt;span class=&quot;square7&quot;&gt;
                            ▮
                        &lt;/span&gt;
                    
                &lt;/div&gt;
            &lt;div class=&quot;clear&quot;&gt;&lt;/div&gt;
            
                &lt;div class=&quot;row&quot;&gt;
                    
                        &lt;span class=&quot;square0&quot;&gt;
                            ▮
                        &lt;/span&gt;
                    
                        &lt;span class=&quot;square1&quot;&gt;
                            ▯
                        &lt;/span&gt;
                    
                        &lt;span class=&quot;square2&quot;&gt;
                            ▮
                        &lt;/span&gt;
                    
                        &lt;span class=&quot;square3&quot;&gt;
                            ▯
                        &lt;/span&gt;
                    
                        &lt;span class=&quot;square4&quot;&gt;
                            ▮
                        &lt;/span&gt;
                    
                        &lt;span class=&quot;square5&quot;&gt;
                            ▯
                        &lt;/span&gt;
                    
                        &lt;span class=&quot;square6&quot;&gt;
                            ▮
                        &lt;/span&gt;
                    
                        &lt;span class=&quot;square7&quot;&gt;
                            ▯
                        &lt;/span&gt;
                    
                &lt;/div&gt;
            &lt;div class=&quot;clear&quot;&gt;&lt;/div&gt;
            
                &lt;div class=&quot;row&quot;&gt;
                    
                        &lt;span class=&quot;square0&quot;&gt;
                            ▯
                        &lt;/span&gt;
                    
                        &lt;span class=&quot;square1&quot;&gt;
                            ▮
                        &lt;/span&gt;
                    
                        &lt;span class=&quot;square2&quot;&gt;
                            ▯
                        &lt;/span&gt;
                    
                        &lt;span class=&quot;square3&quot;&gt;
                            ▮
                        &lt;/span&gt;
                    
                        &lt;span class=&quot;square4&quot;&gt;
                            ▯
                        &lt;/span&gt;
                    
                        &lt;span class=&quot;square5&quot;&gt;
                            ▮
                        &lt;/span&gt;
                    
                        &lt;span class=&quot;square6&quot;&gt;
                            ▯
                        &lt;/span&gt;
                    
                        &lt;span class=&quot;square7&quot;&gt;
                            ▮
                        &lt;/span&gt;
                    
                &lt;/div&gt;
            &lt;div class=&quot;clear&quot;&gt;&lt;/div&gt;
            
                &lt;div class=&quot;row&quot;&gt;
                    
                        &lt;span class=&quot;square0&quot;&gt;
                            ▮
                        &lt;/span&gt;
                    
                        &lt;span class=&quot;square1&quot;&gt;
                            ▯
                        &lt;/span&gt;
                    
                        &lt;span class=&quot;square2&quot;&gt;
                            ▮
                        &lt;/span&gt;
                    
                        &lt;span class=&quot;square3&quot;&gt;
                            ▯
                        &lt;/span&gt;
                    
                        &lt;span class=&quot;square4&quot;&gt;
                            ▮
                        &lt;/span&gt;
                    
                        &lt;span class=&quot;square5&quot;&gt;
                            ▯
                        &lt;/span&gt;
                    
                        &lt;span class=&quot;square6&quot;&gt;
                            ▮
                        &lt;/span&gt;
                    
                        &lt;span class=&quot;square7&quot;&gt;
                            ▯
                        &lt;/span&gt;
                    
                &lt;/div&gt;
            &lt;div class=&quot;clear&quot;&gt;&lt;/div&gt;
            
                &lt;div class=&quot;row&quot;&gt;
                    
                        &lt;span class=&quot;square0&quot;&gt;
                            ♙
                        &lt;/span&gt;
                    
                        &lt;span class=&quot;square1&quot;&gt;
                            ♙
                        &lt;/span&gt;
                    
                        &lt;span class=&quot;square2&quot;&gt;
                            ♙
                        &lt;/span&gt;
                    
                        &lt;span class=&quot;square3&quot;&gt;
                            ♙
                        &lt;/span&gt;
                    
                        &lt;span class=&quot;square4&quot;&gt;
                            ♙
                        &lt;/span&gt;
                    
                        &lt;span class=&quot;square5&quot;&gt;
                            ♙
                        &lt;/span&gt;
                    
                        &lt;span class=&quot;square6&quot;&gt;
                            ♙
                        &lt;/span&gt;
                    
                        &lt;span class=&quot;square7&quot;&gt;
                            ♙
                        &lt;/span&gt;
                    
                &lt;/div&gt;
            &lt;div class=&quot;clear&quot;&gt;&lt;/div&gt;
            
                &lt;div class=&quot;row&quot;&gt;
                    
                        &lt;span class=&quot;square0&quot;&gt;
                            ♖
                        &lt;/span&gt;
                    
                        &lt;span class=&quot;square1&quot;&gt;
                            ♘
                        &lt;/span&gt;
                    
                        &lt;span class=&quot;square2&quot;&gt;
                            ♗
                        &lt;/span&gt;
                    
                        &lt;span class=&quot;square3&quot;&gt;
                            ♕
                        &lt;/span&gt;
                    
                        &lt;span class=&quot;square4&quot;&gt;
                            ♔
                        &lt;/span&gt;
                    
                        &lt;span class=&quot;square5&quot;&gt;
                            ♗
                        &lt;/span&gt;
                    
                        &lt;span class=&quot;square6&quot;&gt;
                            ♘
                        &lt;/span&gt;
                    
                        &lt;span class=&quot;square7&quot;&gt;
                            ♖
                        &lt;/span&gt;
                    
                &lt;/div&gt;
            &lt;div class=&quot;clear&quot;&gt;&lt;/div&gt;
            
        &lt;/div&gt;
    &lt;/div&gt;


      &lt;script src=&quot;/assets/javascripts/main.js&quot; type=&quot;text/javascript&quot;&gt;&lt;/script&gt;
    &lt;/body&gt;
&lt;/html&gt;
&quot; did not include substring &quot;----------------&quot;
	at org.scalatest.MatchersHelper$.indicateFailure(MatchersHelper.scala:343)
	at org.scalatest.MustMatchers$MustMethodHelper$.mustMatcher(MustMatchers.scala:6723)
	at org.scalatest.MustMatchers$AnyMustWrapper.must(MustMatchers.scala:6759)
	at controllers.MainControllerSpec.$anonfun$new$3(MainControllerSpec.scala:27)
	at org.scalatest.OutcomeOf.outcomeOf(OutcomeOf.scala:85)
	at org.scalatest.OutcomeOf.outcomeOf$(OutcomeOf.scala:83)
	at org.scalatest.OutcomeOf$.outcomeOf(OutcomeOf.scala:104)
	at org.scalatest.Transformer.apply(Transformer.scala:22)
	at org.scalatest.Transformer.apply(Transformer.scala:20)
	at org.scalatest.WordSpecLike$$anon$3.apply(WordSpecLike.scala:1075)
	at org.scalatest.TestSuite.withFixture(TestSuite.scala:196)
	at org.scalatest.TestSuite.withFixture$(TestSuite.scala:195)
	at controllers.MainControllerSpec.org$scalatestplus$play$BaseOneAppPerTest$$super$withFixture(MainControllerSpec.scala:8)
	at org.scalatestplus.play.BaseOneAppPerTest.$anonfun$withFixture$1(BaseOneAppPerTest.scala:72)
	at play.api.test.PlayRunners.$anonfun$running$2(Helpers.scala:85)
	at play.api.test.PlayRunners.runSynchronized(Helpers.scala:60)
	at play.api.test.PlayRunners.runSynchronized$(Helpers.scala:54)
	at play.api.test.Helpers$.runSynchronized(Helpers.scala:676)
	at play.api.test.PlayRunners.running(Helpers.scala:83)
	at play.api.test.PlayRunners.running$(Helpers.scala:81)
	at play.api.test.Helpers$.running(Helpers.scala:676)
	at org.scalatestplus.play.BaseOneAppPerTest.withFixture(BaseOneAppPerTest.scala:72)
	at org.scalatestplus.play.BaseOneAppPerTest.withFixture$(BaseOneAppPerTest.scala:69)
	at controllers.MainControllerSpec.withFixture(MainControllerSpec.scala:8)
	at org.scalatest.WordSpecLike.invokeWithFixture$1(WordSpecLike.scala:1073)
	at org.scalatest.WordSpecLike.$anonfun$runTest$1(WordSpecLike.scala:1085)
	at org.scalatest.SuperEngine.runTestImpl(Engine.scala:286)
	at org.scalatest.WordSpecLike.runTest(WordSpecLike.scala:1085)
	at org.scalatest.WordSpecLike.runTest$(WordSpecLike.scala:1067)
	at org.scalatest.WordSpec.runTest(WordSpec.scala:1881)
	at org.scalatest.WordSpecLike.$anonfun$runTests$1(WordSpecLike.scala:1144)
	at org.scalatest.SuperEngine.$anonfun$runTestsInBranch$1(Engine.scala:393)
	at scala.collection.immutable.List.foreach(List.scala:392)
	at org.scalatest.SuperEngine.traverseSubNodes$1(Engine.scala:381)
	at org.scalatest.SuperEngine.runTestsInBranch(Engine.scala:370)
	at org.scalatest.SuperEngine.$anonfun$runTestsInBranch$1(Engine.scala:407)
	at scala.collection.immutable.List.foreach(List.scala:392)
	at org.scalatest.SuperEngine.traverseSubNodes$1(Engine.scala:381)
	at org.scalatest.SuperEngine.runTestsInBranch(Engine.scala:376)
	at org.scalatest.SuperEngine.runTestsImpl(Engine.scala:458)
	at org.scalatest.WordSpecLike.runTests(WordSpecLike.scala:1144)
	at org.scalatest.WordSpecLike.runTests$(WordSpecLike.scala:1143)
	at org.scalatest.WordSpec.runTests(WordSpec.scala:1881)
	at org.scalatest.Suite.run(Suite.scala:1124)
	at org.scalatest.Suite.run$(Suite.scala:1106)
	at org.scalatest.WordSpec.org$scalatest$WordSpecLike$$super$run(WordSpec.scala:1881)
	at org.scalatest.WordSpecLike.$anonfun$run$1(WordSpecLike.scala:1189)
	at org.scalatest.SuperEngine.runImpl(Engine.scala:518)
	at org.scalatest.WordSpecLike.run(WordSpecLike.scala:1189)
	at org.scalatest.WordSpecLike.run$(WordSpecLike.scala:1187)
	at org.scalatest.WordSpec.run(WordSpec.scala:1881)
	at org.scalatest.tools.Framework.org$scalatest$tools$Framework$$runSuite(Framework.scala:317)
	at org.scalatest.tools.Framework$ScalaTestTask.execute(Framework.scala:510)
	at sbt.ForkMain$Run.lambda$runTest$1(ForkMain.java:304)
	at java.util.concurrent.FutureTask.run(FutureTask.java:266)
	at java.util.concurrent.ThreadPoolExecutor.runWorker(ThreadPoolExecutor.java:1142)
	at java.util.concurrent.ThreadPoolExecutor$Worker.run(ThreadPoolExecutor.java:617)
	at java.lang.Thread.run(Thread.java:745)
</failure>
                                               </testcase><testcase classname="controllers.MainControllerSpec" name="HomeController GET should render the chess page and create a new board from a new instance of controller" time="0.297">
                                                 <failure message="org.scalatest.exceptions.TestFailedException: &quot;



&lt;!DOCTYPE html&gt;
&lt;html lang=&quot;en&quot;&gt;
    &lt;head&gt;
        
        &lt;title&gt;HTWG Chess&lt;/title&gt;
        &lt;link rel=&quot;stylesheet&quot; media=&quot;screen&quot; href=&quot;/assets/stylesheets/main.css&quot;&gt;
        &lt;link rel=&quot;shortcut icon&quot; type=&quot;image/png&quot; href=&quot;/assets/images/favicon.png&quot;&gt;

    &lt;/head&gt;
    &lt;body&gt;
        
        
    &lt;div class=&quot;gamecontainer&quot;&gt;
        &lt;div class=&quot;game&quot;&gt;
            
                &lt;div class=&quot;row&quot;&gt;
                    
                        &lt;span class=&quot;square0&quot;&gt;
                            ♜
                        &lt;/span&gt;
                    
                        &lt;span class=&quot;square1&quot;&gt;
                            ♞
                        &lt;/span&gt;
                    
                        &lt;span class=&quot;square2&quot;&gt;
                            ♝
                        &lt;/span&gt;
                    
                        &lt;span class=&quot;square3&quot;&gt;
                            ♚
                        &lt;/span&gt;
                    
                        &lt;span class=&quot;square4&quot;&gt;
                            ♛
                        &lt;/span&gt;
                    
                        &lt;span class=&quot;square5&quot;&gt;
                            ♝
                        &lt;/span&gt;
                    
                        &lt;span class=&quot;square6&quot;&gt;
                            ♞
                        &lt;/span&gt;
                    
                        &lt;span class=&quot;square7&quot;&gt;
                            ♜
                        &lt;/span&gt;
                    
                &lt;/div&gt;
            &lt;div class=&quot;clear&quot;&gt;&lt;/div&gt;
            
                &lt;div class=&quot;row&quot;&gt;
                    
                        &lt;span class=&quot;square0&quot;&gt;
                            ♟
                        &lt;/span&gt;
                    
                        &lt;span class=&quot;square1&quot;&gt;
                            ♟
                        &lt;/span&gt;
                    
                        &lt;span class=&quot;square2&quot;&gt;
                            ♟
                        &lt;/span&gt;
                    
                        &lt;span class=&quot;square3&quot;&gt;
                            ♟
                        &lt;/span&gt;
                    
                        &lt;span class=&quot;square4&quot;&gt;
                            ♟
                        &lt;/span&gt;
                    
                        &lt;span class=&quot;square5&quot;&gt;
                            ♟
                        &lt;/span&gt;
                    
                        &lt;span class=&quot;square6&quot;&gt;
                            ♟
                        &lt;/span&gt;
                    
                        &lt;span class=&quot;square7&quot;&gt;
                            ♟
                        &lt;/span&gt;
                    
                &lt;/div&gt;
            &lt;div class=&quot;clear&quot;&gt;&lt;/div&gt;
            
                &lt;div class=&quot;row&quot;&gt;
                    
                        &lt;span class=&quot;square0&quot;&gt;
                            ▯
                        &lt;/span&gt;
                    
                        &lt;span class=&quot;square1&quot;&gt;
                            ▮
                        &lt;/span&gt;
                    
                        &lt;span class=&quot;square2&quot;&gt;
                            ▯
                        &lt;/span&gt;
                    
                        &lt;span class=&quot;square3&quot;&gt;
                            ▮
                        &lt;/span&gt;
                    
                        &lt;span class=&quot;square4&quot;&gt;
                            ▯
                        &lt;/span&gt;
                    
                        &lt;span class=&quot;square5&quot;&gt;
                            ▮
                        &lt;/span&gt;
                    
                        &lt;span class=&quot;square6&quot;&gt;
                            ▯
                        &lt;/span&gt;
                    
                        &lt;span class=&quot;square7&quot;&gt;
                            ▮
                        &lt;/span&gt;
                    
                &lt;/div&gt;
            &lt;div class=&quot;clear&quot;&gt;&lt;/div&gt;
            
                &lt;div class=&quot;row&quot;&gt;
                    
                        &lt;span class=&quot;square0&quot;&gt;
                            ▮
                        &lt;/span&gt;
                    
                        &lt;span class=&quot;square1&quot;&gt;
                            ▯
                        &lt;/span&gt;
                    
                        &lt;span class=&quot;square2&quot;&gt;
                            ▮
                        &lt;/span&gt;
                    
                        &lt;span class=&quot;square3&quot;&gt;
                            ▯
                        &lt;/span&gt;
                    
                        &lt;span class=&quot;square4&quot;&gt;
                            ▮
                        &lt;/span&gt;
                    
                        &lt;span class=&quot;square5&quot;&gt;
                            ▯
                        &lt;/span&gt;
                    
                        &lt;span class=&quot;square6&quot;&gt;
                            ▮
                        &lt;/span&gt;
                    
                        &lt;span class=&quot;square7&quot;&gt;
                            ▯
                        &lt;/span&gt;
                    
                &lt;/div&gt;
            &lt;div class=&quot;clear&quot;&gt;&lt;/div&gt;
            
                &lt;div class=&quot;row&quot;&gt;
                    
                        &lt;span class=&quot;square0&quot;&gt;
                            ▯
                        &lt;/span&gt;
                    
                        &lt;span class=&quot;square1&quot;&gt;
                            ▮
                        &lt;/span&gt;
                    
                        &lt;span class=&quot;square2&quot;&gt;
                            ▯
                        &lt;/span&gt;
                    
                        &lt;span class=&quot;square3&quot;&gt;
                            ▮
                        &lt;/span&gt;
                    
                        &lt;span class=&quot;square4&quot;&gt;
                            ▯
                        &lt;/span&gt;
                    
                        &lt;span class=&quot;square5&quot;&gt;
                            ▮
                        &lt;/span&gt;
                    
                        &lt;span class=&quot;square6&quot;&gt;
                            ▯
                        &lt;/span&gt;
                    
                        &lt;span class=&quot;square7&quot;&gt;
                            ▮
                        &lt;/span&gt;
                    
                &lt;/div&gt;
            &lt;div class=&quot;clear&quot;&gt;&lt;/div&gt;
            
                &lt;div class=&quot;row&quot;&gt;
                    
                        &lt;span class=&quot;square0&quot;&gt;
                            ▮
                        &lt;/span&gt;
                    
                        &lt;span class=&quot;square1&quot;&gt;
                            ▯
                        &lt;/span&gt;
                    
                        &lt;span class=&quot;square2&quot;&gt;
                            ▮
                        &lt;/span&gt;
                    
                        &lt;span class=&quot;square3&quot;&gt;
                            ▯
                        &lt;/span&gt;
                    
                        &lt;span class=&quot;square4&quot;&gt;
                            ▮
                        &lt;/span&gt;
                    
                        &lt;span class=&quot;square5&quot;&gt;
                            ▯
                        &lt;/span&gt;
                    
                        &lt;span class=&quot;square6&quot;&gt;
                            ▮
                        &lt;/span&gt;
                    
                        &lt;span class=&quot;square7&quot;&gt;
                            ▯
                        &lt;/span&gt;
                    
                &lt;/div&gt;
            &lt;div class=&quot;clear&quot;&gt;&lt;/div&gt;
            
                &lt;div class=&quot;row&quot;&gt;
                    
                        &lt;span class=&quot;square0&quot;&gt;
                            ♙
                        &lt;/span&gt;
                    
                        &lt;span class=&quot;square1&quot;&gt;
                            ♙
                        &lt;/span&gt;
                    
                        &lt;span class=&quot;square2&quot;&gt;
                            ♙
                        &lt;/span&gt;
                    
                        &lt;span class=&quot;square3&quot;&gt;
                            ♙
                        &lt;/span&gt;
                    
                        &lt;span class=&quot;square4&quot;&gt;
                            ♙
                        &lt;/span&gt;
                    
                        &lt;span class=&quot;square5&quot;&gt;
                            ♙
                        &lt;/span&gt;
                    
                        &lt;span class=&quot;square6&quot;&gt;
                            ♙
                        &lt;/span&gt;
                    
                        &lt;span class=&quot;square7&quot;&gt;
                            ♙
                        &lt;/span&gt;
                    
                &lt;/div&gt;
            &lt;div class=&quot;clear&quot;&gt;&lt;/div&gt;
            
                &lt;div class=&quot;row&quot;&gt;
                    
                        &lt;span class=&quot;square0&quot;&gt;
                            ♖
                        &lt;/span&gt;
                    
                        &lt;span class=&quot;square1&quot;&gt;
                            ♘
                        &lt;/span&gt;
                    
                        &lt;span class=&quot;square2&quot;&gt;
                            ♗
                        &lt;/span&gt;
                    
                        &lt;span class=&quot;square3&quot;&gt;
                            ♕
                        &lt;/span&gt;
                    
                        &lt;span class=&quot;square4&quot;&gt;
                            ♔
                        &lt;/span&gt;
                    
                        &lt;span class=&quot;square5&quot;&gt;
                            ♗
                        &lt;/span&gt;
                    
                        &lt;span class=&quot;square6&quot;&gt;
                            ♘
                        &lt;/span&gt;
                    
                        &lt;span class=&quot;square7&quot;&gt;
                            ♖
                        &lt;/span&gt;
                    
                &lt;/div&gt;
            &lt;div class=&quot;clear&quot;&gt;&lt;/div&gt;
            
        &lt;/div&gt;
    &lt;/div&gt;


      &lt;script src=&quot;/assets/javascripts/main.js&quot; type=&quot;text/javascript&quot;&gt;&lt;/script&gt;
    &lt;/body&gt;
&lt;/html&gt;
&quot; did not include substring &quot;----------------&quot;" type="sbt.ForkMain$ForkError">sbt.ForkMain$ForkError: org.scalatest.exceptions.TestFailedException: &quot;



&lt;!DOCTYPE html&gt;
&lt;html lang=&quot;en&quot;&gt;
    &lt;head&gt;
        
        &lt;title&gt;HTWG Chess&lt;/title&gt;
        &lt;link rel=&quot;stylesheet&quot; media=&quot;screen&quot; href=&quot;/assets/stylesheets/main.css&quot;&gt;
        &lt;link rel=&quot;shortcut icon&quot; type=&quot;image/png&quot; href=&quot;/assets/images/favicon.png&quot;&gt;

    &lt;/head&gt;
    &lt;body&gt;
        
        
    &lt;div class=&quot;gamecontainer&quot;&gt;
        &lt;div class=&quot;game&quot;&gt;
            
                &lt;div class=&quot;row&quot;&gt;
                    
                        &lt;span class=&quot;square0&quot;&gt;
                            ♜
                        &lt;/span&gt;
                    
                        &lt;span class=&quot;square1&quot;&gt;
                            ♞
                        &lt;/span&gt;
                    
                        &lt;span class=&quot;square2&quot;&gt;
                            ♝
                        &lt;/span&gt;
                    
                        &lt;span class=&quot;square3&quot;&gt;
                            ♚
                        &lt;/span&gt;
                    
                        &lt;span class=&quot;square4&quot;&gt;
                            ♛
                        &lt;/span&gt;
                    
                        &lt;span class=&quot;square5&quot;&gt;
                            ♝
                        &lt;/span&gt;
                    
                        &lt;span class=&quot;square6&quot;&gt;
                            ♞
                        &lt;/span&gt;
                    
                        &lt;span class=&quot;square7&quot;&gt;
                            ♜
                        &lt;/span&gt;
                    
                &lt;/div&gt;
            &lt;div class=&quot;clear&quot;&gt;&lt;/div&gt;
            
                &lt;div class=&quot;row&quot;&gt;
                    
                        &lt;span class=&quot;square0&quot;&gt;
                            ♟
                        &lt;/span&gt;
                    
                        &lt;span class=&quot;square1&quot;&gt;
                            ♟
                        &lt;/span&gt;
                    
                        &lt;span class=&quot;square2&quot;&gt;
                            ♟
                        &lt;/span&gt;
                    
                        &lt;span class=&quot;square3&quot;&gt;
                            ♟
                        &lt;/span&gt;
                    
                        &lt;span class=&quot;square4&quot;&gt;
                            ♟
                        &lt;/span&gt;
                    
                        &lt;span class=&quot;square5&quot;&gt;
                            ♟
                        &lt;/span&gt;
                    
                        &lt;span class=&quot;square6&quot;&gt;
                            ♟
                        &lt;/span&gt;
                    
                        &lt;span class=&quot;square7&quot;&gt;
                            ♟
                        &lt;/span&gt;
                    
                &lt;/div&gt;
            &lt;div class=&quot;clear&quot;&gt;&lt;/div&gt;
            
                &lt;div class=&quot;row&quot;&gt;
                    
                        &lt;span class=&quot;square0&quot;&gt;
                            ▯
                        &lt;/span&gt;
                    
                        &lt;span class=&quot;square1&quot;&gt;
                            ▮
                        &lt;/span&gt;
                    
                        &lt;span class=&quot;square2&quot;&gt;
                            ▯
                        &lt;/span&gt;
                    
                        &lt;span class=&quot;square3&quot;&gt;
                            ▮
                        &lt;/span&gt;
                    
                        &lt;span class=&quot;square4&quot;&gt;
                            ▯
                        &lt;/span&gt;
                    
                        &lt;span class=&quot;square5&quot;&gt;
                            ▮
                        &lt;/span&gt;
                    
                        &lt;span class=&quot;square6&quot;&gt;
                            ▯
                        &lt;/span&gt;
                    
                        &lt;span class=&quot;square7&quot;&gt;
                            ▮
                        &lt;/span&gt;
                    
                &lt;/div&gt;
            &lt;div class=&quot;clear&quot;&gt;&lt;/div&gt;
            
                &lt;div class=&quot;row&quot;&gt;
                    
                        &lt;span class=&quot;square0&quot;&gt;
                            ▮
                        &lt;/span&gt;
                    
                        &lt;span class=&quot;square1&quot;&gt;
                            ▯
                        &lt;/span&gt;
                    
                        &lt;span class=&quot;square2&quot;&gt;
                            ▮
                        &lt;/span&gt;
                    
                        &lt;span class=&quot;square3&quot;&gt;
                            ▯
                        &lt;/span&gt;
                    
                        &lt;span class=&quot;square4&quot;&gt;
                            ▮
                        &lt;/span&gt;
                    
                        &lt;span class=&quot;square5&quot;&gt;
                            ▯
                        &lt;/span&gt;
                    
                        &lt;span class=&quot;square6&quot;&gt;
                            ▮
                        &lt;/span&gt;
                    
                        &lt;span class=&quot;square7&quot;&gt;
                            ▯
                        &lt;/span&gt;
                    
                &lt;/div&gt;
            &lt;div class=&quot;clear&quot;&gt;&lt;/div&gt;
            
                &lt;div class=&quot;row&quot;&gt;
                    
                        &lt;span class=&quot;square0&quot;&gt;
                            ▯
                        &lt;/span&gt;
                    
                        &lt;span class=&quot;square1&quot;&gt;
                            ▮
                        &lt;/span&gt;
                    
                        &lt;span class=&quot;square2&quot;&gt;
                            ▯
                        &lt;/span&gt;
                    
                        &lt;span class=&quot;square3&quot;&gt;
                            ▮
                        &lt;/span&gt;
                    
                        &lt;span class=&quot;square4&quot;&gt;
                            ▯
                        &lt;/span&gt;
                    
                        &lt;span class=&quot;square5&quot;&gt;
                            ▮
                        &lt;/span&gt;
                    
                        &lt;span class=&quot;square6&quot;&gt;
                            ▯
                        &lt;/span&gt;
                    
                        &lt;span class=&quot;square7&quot;&gt;
                            ▮
                        &lt;/span&gt;
                    
                &lt;/div&gt;
            &lt;div class=&quot;clear&quot;&gt;&lt;/div&gt;
            
                &lt;div class=&quot;row&quot;&gt;
                    
                        &lt;span class=&quot;square0&quot;&gt;
                            ▮
                        &lt;/span&gt;
                    
                        &lt;span class=&quot;square1&quot;&gt;
                            ▯
                        &lt;/span&gt;
                    
                        &lt;span class=&quot;square2&quot;&gt;
                            ▮
                        &lt;/span&gt;
                    
                        &lt;span class=&quot;square3&quot;&gt;
                            ▯
                        &lt;/span&gt;
                    
                        &lt;span class=&quot;square4&quot;&gt;
                            ▮
                        &lt;/span&gt;
                    
                        &lt;span class=&quot;square5&quot;&gt;
                            ▯
                        &lt;/span&gt;
                    
                        &lt;span class=&quot;square6&quot;&gt;
                            ▮
                        &lt;/span&gt;
                    
                        &lt;span class=&quot;square7&quot;&gt;
                            ▯
                        &lt;/span&gt;
                    
                &lt;/div&gt;
            &lt;div class=&quot;clear&quot;&gt;&lt;/div&gt;
            
                &lt;div class=&quot;row&quot;&gt;
                    
                        &lt;span class=&quot;square0&quot;&gt;
                            ♙
                        &lt;/span&gt;
                    
                        &lt;span class=&quot;square1&quot;&gt;
                            ♙
                        &lt;/span&gt;
                    
                        &lt;span class=&quot;square2&quot;&gt;
                            ♙
                        &lt;/span&gt;
                    
                        &lt;span class=&quot;square3&quot;&gt;
                            ♙
                        &lt;/span&gt;
                    
                        &lt;span class=&quot;square4&quot;&gt;
                            ♙
                        &lt;/span&gt;
                    
                        &lt;span class=&quot;square5&quot;&gt;
                            ♙
                        &lt;/span&gt;
                    
                        &lt;span class=&quot;square6&quot;&gt;
                            ♙
                        &lt;/span&gt;
                    
                        &lt;span class=&quot;square7&quot;&gt;
                            ♙
                        &lt;/span&gt;
                    
                &lt;/div&gt;
            &lt;div class=&quot;clear&quot;&gt;&lt;/div&gt;
            
                &lt;div class=&quot;row&quot;&gt;
                    
                        &lt;span class=&quot;square0&quot;&gt;
                            ♖
                        &lt;/span&gt;
                    
                        &lt;span class=&quot;square1&quot;&gt;
                            ♘
                        &lt;/span&gt;
                    
                        &lt;span class=&quot;square2&quot;&gt;
                            ♗
                        &lt;/span&gt;
                    
                        &lt;span class=&quot;square3&quot;&gt;
                            ♕
                        &lt;/span&gt;
                    
                        &lt;span class=&quot;square4&quot;&gt;
                            ♔
                        &lt;/span&gt;
                    
[...]
                            ▯
                        &lt;/span&gt;
                    
                        &lt;span class=&quot;square4&quot;&gt;
                            ▮
                        &lt;/span&gt;
                    
                        &lt;span class=&quot;square5&quot;&gt;
                            ▯
                        &lt;/span&gt;
                    
                        &lt;span class=&quot;square6&quot;&gt;
                            ▮
                        &lt;/span&gt;
                    
                        &lt;span class=&quot;square7&quot;&gt;
                            ▯
                        &lt;/span&gt;
                    
                &lt;/div&gt;
            &lt;div class=&quot;clear&quot;&gt;&lt;/div&gt;
            
                &lt;div class=&quot;row&quot;&gt;
                    
                        &lt;span class=&quot;square0&quot;&gt;
                            ♙
                        &lt;/span&gt;
                    
                        &lt;span class=&quot;square1&quot;&gt;
                            ♙
                        &lt;/span&gt;
                    
                        &lt;span class=&quot;square2&quot;&gt;
                            ♙
                        &lt;/span&gt;
                    
                        &lt;span class=&quot;square3&quot;&gt;
                            ♙
                        &lt;/span&gt;
                    
                        &lt;span class=&quot;square4&quot;&gt;
                            ♙
                        &lt;/span&gt;
                    
                        &lt;span class=&quot;square5&quot;&gt;
                            ♙
                        &lt;/span&gt;
                    
                        &lt;span class=&quot;square6&quot;&gt;
                            ♙
                        &lt;/span&gt;
                    
                        &lt;span class=&quot;square7&quot;&gt;
                            ♙
                        &lt;/span&gt;
                    
                &lt;/div&gt;
            &lt;div class=&quot;clear&quot;&gt;&lt;/div&gt;
            
                &lt;div class=&quot;row&quot;&gt;
                    
                        &lt;span class=&quot;square0&quot;&gt;
                            ♖
                        &lt;/span&gt;
                    
                        &lt;span class=&quot;square1&quot;&gt;
                            ♘
                        &lt;/span&gt;
                    
                        &lt;span class=&quot;square2&quot;&gt;
                            ♗
                        &lt;/span&gt;
                    
                        &lt;span class=&quot;square3&quot;&gt;
                            ♕
                        &lt;/span&gt;
                    
                        &lt;span class=&quot;square4&quot;&gt;
                            ♔
                        &lt;/span&gt;
                    
                        &lt;span class=&quot;square5&quot;&gt;
                            ♗
                        &lt;/span&gt;
                    
                        &lt;span class=&quot;square6&quot;&gt;
                            ♘
                        &lt;/span&gt;
                    
                        &lt;span class=&quot;square7&quot;&gt;
                            ♖
                        &lt;/span&gt;
                    
                &lt;/div&gt;
            &lt;div class=&quot;clear&quot;&gt;&lt;/div&gt;
            
        &lt;/div&gt;
    &lt;/div&gt;


      &lt;script src=&quot;/assets/javascripts/main.js&quot; type=&quot;text/javascript&quot;&gt;&lt;/script&gt;
    &lt;/body&gt;
&lt;/html&gt;
&quot; did not include substring &quot;----------------&quot;" type="sbt.ForkMain$ForkError">sbt.ForkMain$ForkError: org.scalatest.exceptions.TestFailedException: &quot;



&lt;!DOCTYPE html&gt;
&lt;html lang=&quot;en&quot;&gt;
    &lt;head&gt;
        
        &lt;title&gt;HTWG Chess&lt;/title&gt;
        &lt;link rel=&quot;stylesheet&quot; media=&quot;screen&quot; href=&quot;/assets/stylesheets/main.css&quot;&gt;
        &lt;link rel=&quot;shortcut icon&quot; type=&quot;image/png&quot; href=&quot;/assets/images/favicon.png&quot;&gt;

    &lt;/head&gt;
    &lt;body&gt;
        
        
    &lt;div class=&quot;gamecontainer&quot;&gt;
        &lt;div class=&quot;game&quot;&gt;
            
                &lt;div class=&quot;row&quot;&gt;
                    
                        &lt;span class=&quot;square0&quot;&gt;
                            ♜
                        &lt;/span&gt;
                    
                        &lt;span class=&quot;square1&quot;&gt;
                            ♞
                        &lt;/span&gt;
                    
                        &lt;span class=&quot;square2&quot;&gt;
                            ♝
                        &lt;/span&gt;
                    
                        &lt;span class=&quot;square3&quot;&gt;
                            ♚
                        &lt;/span&gt;
                    
                        &lt;span class=&quot;square4&quot;&gt;
                            ♛
                        &lt;/span&gt;
                    
                        &lt;span class=&quot;square5&quot;&gt;
                            ♝
                        &lt;/span&gt;
                    
                        &lt;span class=&quot;square6&quot;&gt;
                            ♞
                        &lt;/span&gt;
                    
                        &lt;span class=&quot;square7&quot;&gt;
                            ♜
                        &lt;/span&gt;
                    
                &lt;/div&gt;
            &lt;div class=&quot;clear&quot;&gt;&lt;/div&gt;
            
                &lt;div class=&quot;row&quot;&gt;
                    
                        &lt;span class=&quot;square0&quot;&gt;
                            ♟
                        &lt;/span&gt;
                    
                        &lt;span class=&quot;square1&quot;&gt;
                            ♟
                        &lt;/span&gt;
                    
                        &lt;span class=&quot;square2&quot;&gt;
                            ♟
                        &lt;/span&gt;
                    
                        &lt;span class=&quot;square3&quot;&gt;
                            ♟
                        &lt;/span&gt;
                    
                        &lt;span class=&quot;square4&quot;&gt;
                            ♟
                        &lt;/span&gt;
                    
                        &lt;span class=&quot;square5&quot;&gt;
                            ♟
                        &lt;/span&gt;
                    
                        &lt;span class=&quot;square6&quot;&gt;
                            ♟
                        &lt;/span&gt;
                    
                        &lt;span class=&quot;square7&quot;&gt;
                            ♟
                        &lt;/span&gt;
                    
                &lt;/div&gt;
            &lt;div class=&quot;clear&quot;&gt;&lt;/div&gt;
            
                &lt;div class=&quot;row&quot;&gt;
                    
                        &lt;span class=&quot;square0&quot;&gt;
                            ▯
                        &lt;/span&gt;
                    
                        &lt;span class=&quot;square1&quot;&gt;
                            ▮
                        &lt;/span&gt;
                    
                        &lt;span class=&quot;square2&quot;&gt;
                            ▯
                        &lt;/span&gt;
                    
                        &lt;span class=&quot;square3&quot;&gt;
                            ▮
                        &lt;/span&gt;
                    
                        &lt;span class=&quot;square4&quot;&gt;
                            ▯
                        &lt;/span&gt;
                    
                        &lt;span class=&quot;square5&quot;&gt;
                            ▮
                        &lt;/span&gt;
                    
                        &lt;span class=&quot;square6&quot;&gt;
                            ▯
                        &lt;/span&gt;
                    
                        &lt;span class=&quot;square7&quot;&gt;
                            ▮
                        &lt;/span&gt;
                    
                &lt;/div&gt;
            &lt;div class=&quot;clear&quot;&gt;&lt;/div&gt;
            
                &lt;div class=&quot;row&quot;&gt;
                    
                        &lt;span class=&quot;square0&quot;&gt;
                            ▮
                        &lt;/span&gt;
                    
                        &lt;span class=&quot;square1&quot;&gt;
                            ▯
                        &lt;/span&gt;
                    
                        &lt;span class=&quot;square2&quot;&gt;
                            ▮
                        &lt;/span&gt;
                    
                        &lt;span class=&quot;square3&quot;&gt;
                            ▯
                        &lt;/span&gt;
                    
                        &lt;span class=&quot;square4&quot;&gt;
                            ▮
                        &lt;/span&gt;
                    
                        &lt;span class=&quot;square5&quot;&gt;
                            ▯
                        &lt;/span&gt;
                    
                        &lt;span class=&quot;square6&quot;&gt;
                            ▮
                        &lt;/span&gt;
                    
                        &lt;span class=&quot;square7&quot;&gt;
                            ▯
                        &lt;/span&gt;
                    
                &lt;/div&gt;
            &lt;div class=&quot;clear&quot;&gt;&lt;/div&gt;
            
                &lt;div class=&quot;row&quot;&gt;
                    
                        &lt;span class=&quot;square0&quot;&gt;
                            ▯
                        &lt;/span&gt;
                    
                        &lt;span class=&quot;square1&quot;&gt;
                            ▮
                        &lt;/span&gt;
                    
                        &lt;span class=&quot;square2&quot;&gt;
                            ▯
                        &lt;/span&gt;
                    
                        &lt;span class=&quot;square3&quot;&gt;
                            ▮
                        &lt;/span&gt;
                    
                        &lt;span class=&quot;square4&quot;&gt;
                            ▯
                        &lt;/span&gt;
                    
                        &lt;span class=&quot;square5&quot;&gt;
                            ▮
                        &lt;/span&gt;
                    
                        &lt;span class=&quot;square6&quot;&gt;
                            ▯
                        &lt;/span&gt;
                    
                        &lt;span class=&quot;square7&quot;&gt;
                            ▮
                        &lt;/span&gt;
                    
                &lt;/div&gt;
            &lt;div class=&quot;clear&quot;&gt;&lt;/div&gt;
            
                &lt;div class=&quot;row&quot;&gt;
                    
                        &lt;span class=&quot;square0&quot;&gt;
                            ▮
                        &lt;/span&gt;
                    
                        &lt;span class=&quot;square1&quot;&gt;
                            ▯
                        &lt;/span&gt;
                    
                        &lt;span class=&quot;square2&quot;&gt;
                            ▮
                        &lt;/span&gt;
                    
                        &lt;span class=&quot;square3&quot;&gt;
                            ▯
                        &lt;/span&gt;
                    
                        &lt;span class=&quot;square4&quot;&gt;
                            ▮
                        &lt;/span&gt;
                    
                        &lt;span class=&quot;square5&quot;&gt;
                            ▯
                        &lt;/span&gt;
                    
                        &lt;span class=&quot;square6&quot;&gt;
                            ▮
                        &lt;/span&gt;
                    
                        &lt;span class=&quot;square7&quot;&gt;
                            ▯
                        &lt;/span&gt;
                    
                &lt;/div&gt;
            &lt;div class=&quot;clear&quot;&gt;&lt;/div&gt;
            
                &lt;div class=&quot;row&quot;&gt;
                    
                        &lt;span class=&quot;square0&quot;&gt;
                            ♙
                        &lt;/span&gt;
                    
                        &lt;span class=&quot;square1&quot;&gt;
                            ♙
                        &lt;/span&gt;
                    
                        &lt;span class=&quot;square2&quot;&gt;
                            ♙
                        &lt;/span&gt;
                    
                        &lt;span class=&quot;square3&quot;&gt;
                            ♙
                        &lt;/span&gt;
                    
                        &lt;span class=&quot;square4&quot;&gt;
                            ♙
                        &lt;/span&gt;
                    
                        &lt;span class=&quot;square5&quot;&gt;
                            ♙
                        &lt;/span&gt;
                    
                        &lt;span class=&quot;square6&quot;&gt;
                            ♙
                        &lt;/span&gt;
                    
                        &lt;span class=&quot;square7&quot;&gt;
                            ♙
                        &lt;/span&gt;
                    
                &lt;/div&gt;
            &lt;div class=&quot;clear&quot;&gt;&lt;/div&gt;
            
                &lt;div class=&quot;row&quot;&gt;
                    
                        &lt;span class=&quot;square0&quot;&gt;
                            ♖
                        &lt;/span&gt;
                    
                        &lt;span class=&quot;square1&quot;&gt;
                            ♘
                        &lt;/span&gt;
                    
                        &lt;span class=&quot;square2&quot;&gt;
                            ♗
                        &lt;/span&gt;
                    
                        &lt;span class=&quot;square3&quot;&gt;
                            ♕
                        &lt;/span&gt;
                    
                        &lt;span class=&quot;square4&quot;&gt;
                            ♔
                        &lt;/span&gt;
                    
                        &lt;span class=&quot;square5&quot;&gt;
                            ♗
                        &lt;/span&gt;
                    
                        &lt;span class=&quot;square6&quot;&gt;
                            ♘
                        &lt;/span&gt;
                    
                        &lt;span class=&quot;square7&quot;&gt;
                            ♖
                        &lt;/span&gt;
                    
                &lt;/div&gt;
            &lt;div class=&quot;clear&quot;&gt;&lt;/div&gt;
            
        &lt;/div&gt;
    &lt;/div&gt;


      &lt;script src=&quot;/assets/javascripts/main.js&quot; type=&quot;text/javascript&quot;&gt;&lt;/script&gt;
    &lt;/body&gt;
&lt;/html&gt;
&quot; did not include substring &quot;----------------&quot;
	at org.scalatest.MatchersHelper$.indicateFailure(MatchersHelper.scala:343)
	at org.scalatest.MustMatchers$MustMethodHelper$.mustMatcher(MustMatchers.scala:6723)
	at org.scalatest.MustMatchers$AnyMustWrapper.must(MustMatchers.scala:6759)
	at controllers.MainControllerSpec.$anonfun$new$7(MainControllerSpec.scala:63)
	at org.scalatest.OutcomeOf.outcomeOf(OutcomeOf.scala:85)
	at org.scalatest.OutcomeOf.outcomeOf$(OutcomeOf.scala:83)
	at org.scalatest.OutcomeOf$.outcomeOf(OutcomeOf.scala:104)
	at org.scalatest.Transformer.apply(Transformer.scala:22)
	at org.scalatest.Transformer.apply(Transformer.scala:20)
	at org.scalatest.WordSpecLike$$anon$3.apply(WordSpecLike.scala:1075)
	at org.scalatest.TestSuite.withFixture(TestSuite.scala:196)
	at org.scalatest.TestSuite.withFixture$(TestSuite.scala:195)
	at controllers.MainControllerSpec.org$scalatestplus$play$BaseOneAppPerTest$$super$withFixture(MainControllerSpec.scala:8)
	at org.scalatestplus.play.BaseOneAppPerTest.$anonfun$withFixture$1(BaseOneAppPerTest.scala:72)
	at play.api.test.PlayRunners.$anonfun$running$2(Helpers.scala:85)
	at play.api.test.PlayRunners.runSynchronized(Helpers.scala:60)
	at play.api.test.PlayRunners.runSynchronized$(Helpers.scala:54)
	at play.api.test.Helpers$.runSynchronized(Helpers.scala:676)
	at play.api.test.PlayRunners.running(Helpers.scala:83)
	at play.api.test.PlayRunners.running$(Helpers.scala:81)
	at play.api.test.Helpers$.running(Helpers.scala:676)
	at org.scalatestplus.play.BaseOneAppPerTest.withFixture(BaseOneAppPerTest.scala:72)
	at org.scalatestplus.play.BaseOneAppPerTest.withFixture$(BaseOneAppPerTest.scala:69)
	at controllers.MainControllerSpec.withFixture(MainControllerSpec.scala:8)
	at org.scalatest.WordSpecLike.invokeWithFixture$1(WordSpecLike.scala:1073)
	at org.scalatest.WordSpecLike.$anonfun$runTest$1(WordSpecLike.scala:1085)
	at org.scalatest.SuperEngine.runTestImpl(Engine.scala:286)
	at org.scalatest.WordSpecLike.runTest(WordSpecLike.scala:1085)
	at org.scalatest.WordSpecLike.runTest$(WordSpecLike.scala:1067)
	at org.scalatest.WordSpec.runTest(WordSpec.scala:1881)
	at org.scalatest.WordSpecLike.$anonfun$runTests$1(WordSpecLike.scala:1144)
	at org.scalatest.SuperEngine.$anonfun$runTestsInBranch$1(Engine.scala:393)
	at scala.collection.immutable.List.foreach(List.scala:392)
	at org.scalatest.SuperEngine.traverseSubNodes$1(Engine.scala:381)
	at org.scalatest.SuperEngine.runTestsInBranch(Engine.scala:370)
	at org.scalatest.SuperEngine.$anonfun$runTestsInBranch$1(Engine.scala:407)
	at scala.collection.immutable.List.foreach(List.scala:392)
	at org.scalatest.SuperEngine.traverseSubNodes$1(Engine.scala:381)
	at org.scalatest.SuperEngine.runTestsInBranch(Engine.scala:376)
	at org.scalatest.SuperEngine.runTestsImpl(Engine.scala:458)
	at org.scalatest.WordSpecLike.runTests(WordSpecLike.scala:1144)
	at org.scalatest.WordSpecLike.runTests$(WordSpecLike.scala:1143)
	at org.scalatest.WordSpec.runTests(WordSpec.scala:1881)
	at org.scalatest.Suite.run(Suite.scala:1124)
	at org.scalatest.Suite.run$(Suite.scala:1106)
	at org.scalatest.WordSpec.org$scalatest$WordSpecLike$$super$run(WordSpec.scala:1881)
	at org.scalatest.WordSpecLike.$anonfun$run$1(WordSpecLike.scala:1189)
	at org.scalatest.SuperEngine.runImpl(Engine.scala:518)
	at org.scalatest.WordSpecLike.run(WordSpecLike.scala:1189)
	at org.scalatest.WordSpecLike.run$(WordSpecLike.scala:1187)
	at org.scalatest.WordSpec.run(WordSpec.scala:1881)
	at org.scalatest.tools.Framework.org$scalatest$tools$Framework$$runSuite(Framework.scala:317)
	at org.scalatest.tools.Framework$ScalaTestTask.execute(Framework.scala:510)
	at sbt.ForkMain$Run.lambda$runTest$1(ForkMain.java:304)
	at java.util.concurrent.FutureTask.run(FutureTask.java:266)
	at java.util.concurrent.ThreadPoolExecutor.runWorker(ThreadPoolExecutor.java:1142)
	at java.util.concurrent.ThreadPoolExecutor$Worker.run(ThreadPoolExecutor.java:617)
	at java.lang.Thread.run(Thread.java:745)
</failure>
                                               </testcase>
                     <system-out><![CDATA[]]></system-out>
                     <system-err><![CDATA[]]></system-err>
                   </testsuite>